<?xml version="1.0" encoding="UTF-8"?>
<!-- Generated by org.testng.reporters.JUnitReportReporter -->
<testsuite hostname="LAPTOP-GVHQ8ALJ" failures="0" tests="1" name="test_Scripts.Flightscript3" time="39.615" errors="0" timestamp="2022-11-30T17:05:42 IST" skipped="0">
  <testcase classname="test_Scripts.Flightscript3" name="testString" time="39.615"/>
  <system-out/>
</testsuite> <!-- test_Scripts.Flightscript3 -->
