<?xml version="1.0" encoding="UTF-8"?>
<!-- Generated by org.testng.reporters.JUnitReportReporter -->
<testsuite hostname="LAPTOP-GVHQ8ALJ" failures="0" tests="1" name="test_Scripts.Flightscript2" time="37.396" errors="0" timestamp="2022-11-30T17:04:17 IST" skipped="0">
  <testcase classname="test_Scripts.Flightscript2" name="testString" time="37.396"/>
  <system-out/>
</testsuite> <!-- test_Scripts.Flightscript2 -->
