<?xml version="1.0" encoding="UTF-8"?>
<!-- Generated by org.testng.reporters.JUnitReportReporter -->
<testsuite hostname="LAPTOP-GVHQ8ALJ" failures="0" tests="1" name="test_Scripts.Flightscript1" time="8.767" errors="0" timestamp="2022-11-30T17:02:51 IST" skipped="0">
  <testcase classname="test_Scripts.Flightscript1" name="testString" time="8.767"/>
  <system-out/>
</testsuite> <!-- test_Scripts.Flightscript1 -->
